[ 2015-09-29T15:23:35+08:00 ] 127.0.0.1 /foru/
INFO: [ app_init ] --START--
INFO: Run Behavior\BuildLiteBehavior [ RunTime:0.000023s ]
INFO: [ app_init ] --END-- [ RunTime:0.007023s ]
ERR: SQLSTATE[HY000] [2002] 向一个无法连接的网络尝试了一个套接字操作。


[ 2015-09-29T15:23:47+08:00 ] 127.0.0.1 /foru/
INFO: [ app_init ] --START--
INFO: Run Behavior\BuildLiteBehavior [ RunTime:0.000022s ]
INFO: [ app_init ] --END-- [ RunTime:0.000407s ]
ERR: SQLSTATE[HY000] [2002] 向一个无法连接的网络尝试了一个套接字操作。


[ 2015-09-29T15:24:10+08:00 ] 127.0.0.1 /foru/
INFO: [ app_init ] --START--
INFO: Run Behavior\BuildLiteBehavior [ RunTime:0.000022s ]
INFO: [ app_init ] --END-- [ RunTime:0.000398s ]
ERR: SQLSTATE[HY000] [2002] 向一个无法连接的网络尝试了一个套接字操作。


[ 2015-09-29T15:37:44+08:00 ] 127.0.0.1 /foru/
INFO: [ app_init ] --START--
INFO: Run Behavior\BuildLiteBehavior [ RunTime:0.000022s ]
INFO: [ app_init ] --END-- [ RunTime:0.000455s ]
ERR: SQLSTATE[HY000] [2002] 向一个无法连接的网络尝试了一个套接字操作。


[ 2015-09-29T15:39:49+08:00 ] 127.0.0.1 /foru/
INFO: [ app_init ] --START--
INFO: Run Behavior\BuildLiteBehavior [ RunTime:0.000023s ]
INFO: [ app_init ] --END-- [ RunTime:0.000414s ]
ERR: SQLSTATE[42000] [1049] Unknown database 'foru'

[ 2015-09-29T15:39:50+08:00 ] 127.0.0.1 /foru/
INFO: [ app_init ] --START--
INFO: Run Behavior\BuildLiteBehavior [ RunTime:0.000022s ]
INFO: [ app_init ] --END-- [ RunTime:0.000404s ]
ERR: SQLSTATE[42000] [1049] Unknown database 'foru'

[ 2015-09-29T15:40:41+08:00 ] 127.0.0.1 /foru/
INFO: [ app_init ] --START--
INFO: Run Behavior\BuildLiteBehavior [ RunTime:0.000026s ]
INFO: [ app_init ] --END-- [ RunTime:0.000466s ]
ERR: SQLSTATE[HY000] [2002] php_network_getaddresses: getaddrinfo failed: 不知道这样的主机。 

[ 2015-09-29T15:41:48+08:00 ] 127.0.0.1 /foru/
INFO: [ app_init ] --START--
INFO: Run Behavior\BuildLiteBehavior [ RunTime:0.000046s ]
INFO: [ app_init ] --END-- [ RunTime:0.000728s ]
ERR: SQLSTATE[42000] [1044] Access denied for user ''@'localhost' to database 'foru'

[ 2015-09-29T15:41:49+08:00 ] 127.0.0.1 /foru/
INFO: [ app_init ] --START--
INFO: Run Behavior\BuildLiteBehavior [ RunTime:0.000022s ]
INFO: [ app_init ] --END-- [ RunTime:0.000367s ]
ERR: SQLSTATE[42000] [1044] Access denied for user ''@'localhost' to database 'foru'

[ 2015-09-29T15:42:28+08:00 ] 127.0.0.1 /foru/
INFO: [ app_init ] --START--
INFO: Run Behavior\BuildLiteBehavior [ RunTime:0.000022s ]
INFO: [ app_init ] --END-- [ RunTime:0.000401s ]
ERR: SQLSTATE[42000] [1049] Unknown database 'foru'

[ 2015-09-29T15:42:29+08:00 ] 127.0.0.1 /foru/
INFO: [ app_init ] --START--
INFO: Run Behavior\BuildLiteBehavior [ RunTime:0.000022s ]
INFO: [ app_init ] --END-- [ RunTime:0.000368s ]
ERR: SQLSTATE[42000] [1049] Unknown database 'foru'

[ 2015-09-29T15:42:29+08:00 ] 127.0.0.1 /foru/
INFO: [ app_init ] --START--
INFO: Run Behavior\BuildLiteBehavior [ RunTime:0.000035s ]
INFO: [ app_init ] --END-- [ RunTime:0.000482s ]
ERR: SQLSTATE[42000] [1049] Unknown database 'foru'

[ 2015-09-29T15:42:29+08:00 ] 127.0.0.1 /foru/
INFO: [ app_init ] --START--
INFO: Run Behavior\BuildLiteBehavior [ RunTime:0.000022s ]
INFO: [ app_init ] --END-- [ RunTime:0.000555s ]
ERR: SQLSTATE[42000] [1049] Unknown database 'foru'

[ 2015-09-29T15:42:29+08:00 ] 127.0.0.1 /foru/
INFO: [ app_init ] --START--
INFO: Run Behavior\BuildLiteBehavior [ RunTime:0.000023s ]
INFO: [ app_init ] --END-- [ RunTime:0.000510s ]
ERR: SQLSTATE[42000] [1049] Unknown database 'foru'

[ 2015-09-29T15:42:30+08:00 ] 127.0.0.1 /foru/
INFO: [ app_init ] --START--
INFO: Run Behavior\BuildLiteBehavior [ RunTime:0.000023s ]
INFO: [ app_init ] --END-- [ RunTime:0.000414s ]
ERR: SQLSTATE[42000] [1049] Unknown database 'foru'

[ 2015-09-29T15:42:30+08:00 ] 127.0.0.1 /foru/
INFO: [ app_init ] --START--
INFO: Run Behavior\BuildLiteBehavior [ RunTime:0.000021s ]
INFO: [ app_init ] --END-- [ RunTime:0.000383s ]
ERR: SQLSTATE[42000] [1049] Unknown database 'foru'

[ 2015-09-29T15:42:30+08:00 ] 127.0.0.1 /foru/
INFO: [ app_init ] --START--
INFO: Run Behavior\BuildLiteBehavior [ RunTime:0.000020s ]
INFO: [ app_init ] --END-- [ RunTime:0.000356s ]
ERR: SQLSTATE[42000] [1049] Unknown database 'foru'

[ 2015-09-29T15:42:30+08:00 ] 127.0.0.1 /foru/
INFO: [ app_init ] --START--
INFO: Run Behavior\BuildLiteBehavior [ RunTime:0.000022s ]
INFO: [ app_init ] --END-- [ RunTime:0.000368s ]
ERR: SQLSTATE[42000] [1049] Unknown database 'foru'

[ 2015-09-29T15:42:30+08:00 ] 127.0.0.1 /foru/
INFO: [ app_init ] --START--
INFO: Run Behavior\BuildLiteBehavior [ RunTime:0.000026s ]
INFO: [ app_init ] --END-- [ RunTime:0.000446s ]
ERR: SQLSTATE[42000] [1049] Unknown database 'foru'

[ 2015-09-29T15:42:30+08:00 ] 127.0.0.1 /foru/
INFO: [ app_init ] --START--
INFO: Run Behavior\BuildLiteBehavior [ RunTime:0.000024s ]
INFO: [ app_init ] --END-- [ RunTime:0.000518s ]
ERR: SQLSTATE[42000] [1049] Unknown database 'foru'

[ 2015-09-29T15:42:31+08:00 ] 127.0.0.1 /foru/
INFO: [ app_init ] --START--
INFO: Run Behavior\BuildLiteBehavior [ RunTime:0.000040s ]
INFO: [ app_init ] --END-- [ RunTime:0.000593s ]
ERR: SQLSTATE[42000] [1049] Unknown database 'foru'

[ 2015-09-29T15:42:31+08:00 ] 127.0.0.1 /foru/
INFO: [ app_init ] --START--
INFO: Run Behavior\BuildLiteBehavior [ RunTime:0.000023s ]
INFO: [ app_init ] --END-- [ RunTime:0.000408s ]
ERR: SQLSTATE[42000] [1049] Unknown database 'foru'

[ 2015-09-29T15:42:31+08:00 ] 127.0.0.1 /foru/
INFO: [ app_init ] --START--
INFO: Run Behavior\BuildLiteBehavior [ RunTime:0.000025s ]
INFO: [ app_init ] --END-- [ RunTime:0.000407s ]
ERR: SQLSTATE[42000] [1049] Unknown database 'foru'

[ 2015-09-29T15:42:31+08:00 ] 127.0.0.1 /foru/
INFO: [ app_init ] --START--
INFO: Run Behavior\BuildLiteBehavior [ RunTime:0.000021s ]
INFO: [ app_init ] --END-- [ RunTime:0.000391s ]
ERR: SQLSTATE[42000] [1049] Unknown database 'foru'

[ 2015-09-29T15:42:31+08:00 ] 127.0.0.1 /foru/
INFO: [ app_init ] --START--
INFO: Run Behavior\BuildLiteBehavior [ RunTime:0.000024s ]
INFO: [ app_init ] --END-- [ RunTime:0.000396s ]
ERR: SQLSTATE[42000] [1049] Unknown database 'foru'

[ 2015-09-29T15:42:32+08:00 ] 127.0.0.1 /foru/
INFO: [ app_init ] --START--
INFO: Run Behavior\BuildLiteBehavior [ RunTime:0.000023s ]
INFO: [ app_init ] --END-- [ RunTime:0.000403s ]
ERR: SQLSTATE[42000] [1049] Unknown database 'foru'

[ 2015-09-29T15:42:32+08:00 ] 127.0.0.1 /foru/
INFO: [ app_init ] --START--
INFO: Run Behavior\BuildLiteBehavior [ RunTime:0.000020s ]
INFO: [ app_init ] --END-- [ RunTime:0.000359s ]
ERR: SQLSTATE[42000] [1049] Unknown database 'foru'

[ 2015-09-29T15:42:32+08:00 ] 127.0.0.1 /foru/
INFO: [ app_init ] --START--
INFO: Run Behavior\BuildLiteBehavior [ RunTime:0.000021s ]
INFO: [ app_init ] --END-- [ RunTime:0.000381s ]
ERR: SQLSTATE[42000] [1049] Unknown database 'foru'

[ 2015-09-29T15:42:32+08:00 ] 127.0.0.1 /foru/
INFO: [ app_init ] --START--
INFO: Run Behavior\BuildLiteBehavior [ RunTime:0.000022s ]
INFO: [ app_init ] --END-- [ RunTime:0.000366s ]
ERR: SQLSTATE[42000] [1049] Unknown database 'foru'

[ 2015-09-29T15:42:33+08:00 ] 127.0.0.1 /foru/
INFO: [ app_init ] --START--
INFO: Run Behavior\BuildLiteBehavior [ RunTime:0.000024s ]
INFO: [ app_init ] --END-- [ RunTime:0.000494s ]
ERR: SQLSTATE[42000] [1049] Unknown database 'foru'

[ 2015-09-29T15:42:33+08:00 ] 127.0.0.1 /foru/
INFO: [ app_init ] --START--
INFO: Run Behavior\BuildLiteBehavior [ RunTime:0.000023s ]
INFO: [ app_init ] --END-- [ RunTime:0.000372s ]
ERR: SQLSTATE[42000] [1049] Unknown database 'foru'

[ 2015-09-29T15:42:33+08:00 ] 127.0.0.1 /foru/
INFO: [ app_init ] --START--
INFO: Run Behavior\BuildLiteBehavior [ RunTime:0.000021s ]
INFO: [ app_init ] --END-- [ RunTime:0.000358s ]
ERR: SQLSTATE[42000] [1049] Unknown database 'foru'

[ 2015-09-29T15:42:33+08:00 ] 127.0.0.1 /foru/
INFO: [ app_init ] --START--
INFO: Run Behavior\BuildLiteBehavior [ RunTime:0.000021s ]
INFO: [ app_init ] --END-- [ RunTime:0.000370s ]
ERR: SQLSTATE[42000] [1049] Unknown database 'foru'

[ 2015-09-29T15:42:33+08:00 ] 127.0.0.1 /foru/
INFO: [ app_init ] --START--
INFO: Run Behavior\BuildLiteBehavior [ RunTime:0.000022s ]
INFO: [ app_init ] --END-- [ RunTime:0.000378s ]
ERR: SQLSTATE[42000] [1049] Unknown database 'foru'

[ 2015-09-29T15:42:34+08:00 ] 127.0.0.1 /foru/
INFO: [ app_init ] --START--
INFO: Run Behavior\BuildLiteBehavior [ RunTime:0.000037s ]
INFO: [ app_init ] --END-- [ RunTime:0.000694s ]
ERR: SQLSTATE[42000] [1049] Unknown database 'foru'

[ 2015-09-29T15:42:34+08:00 ] 127.0.0.1 /foru/
INFO: [ app_init ] --START--
INFO: Run Behavior\BuildLiteBehavior [ RunTime:0.000021s ]
INFO: [ app_init ] --END-- [ RunTime:0.000370s ]
ERR: SQLSTATE[42000] [1049] Unknown database 'foru'

[ 2015-09-29T15:53:09+08:00 ] 127.0.0.1 /foru/
INFO: [ app_init ] --START--
INFO: Run Behavior\BuildLiteBehavior [ RunTime:0.000023s ]
INFO: [ app_init ] --END-- [ RunTime:0.000446s ]

[ 2015-09-29T15:53:22+08:00 ] 127.0.0.1 /foru/
INFO: [ app_init ] --START--
INFO: Run Behavior\BuildLiteBehavior [ RunTime:0.000024s ]
INFO: [ app_init ] --END-- [ RunTime:0.000430s ]

[ 2015-09-29T15:53:29+08:00 ] 127.0.0.1 /foru/index.php/Home/Login/index.html
INFO: [ app_init ] --START--
INFO: Run Behavior\BuildLiteBehavior [ RunTime:0.000022s ]
INFO: [ app_init ] --END-- [ RunTime:0.000410s ]

[ 2015-09-29T15:53:29+08:00 ] 127.0.0.1 /foru/index.php/Home/Login/verify/id/'+Math.random()
INFO: [ app_init ] --START--
INFO: Run Behavior\BuildLiteBehavior [ RunTime:0.000041s ]
INFO: [ app_init ] --END-- [ RunTime:0.000841s ]

[ 2015-09-29T15:53:38+08:00 ] 127.0.0.1 /foru/index.php/Home/Login/toLogin.html
INFO: [ app_init ] --START--
INFO: Run Behavior\BuildLiteBehavior [ RunTime:0.000022s ]
INFO: [ app_init ] --END-- [ RunTime:0.000446s ]

[ 2015-09-29T15:53:38+08:00 ] 127.0.0.1 /foru/index.php/Home/Index/index.html
INFO: [ app_init ] --START--
INFO: Run Behavior\BuildLiteBehavior [ RunTime:0.000024s ]
INFO: [ app_init ] --END-- [ RunTime:0.000468s ]

[ 2015-09-29T15:53:45+08:00 ] 127.0.0.1 /foru/index.php/Home/Person/personhomepage/campusId/1.html
INFO: [ app_init ] --START--
INFO: Run Behavior\BuildLiteBehavior [ RunTime:0.000022s ]
INFO: [ app_init ] --END-- [ RunTime:0.000406s ]

[ 2015-09-29T15:53:50+08:00 ] 127.0.0.1 /foru/index.php/Home/Person/personInfo/campusId/1.html
INFO: [ app_init ] --START--
INFO: Run Behavior\BuildLiteBehavior [ RunTime:0.000028s ]
INFO: [ app_init ] --END-- [ RunTime:0.000592s ]

[ 2015-09-29T15:53:55+08:00 ] 127.0.0.1 /foru/index.php/Home/Person/locaManage/campusId/1.html
INFO: [ app_init ] --START--
INFO: Run Behavior\BuildLiteBehavior [ RunTime:0.000025s ]
INFO: [ app_init ] --END-- [ RunTime:0.000454s ]

[ 2015-09-29T15:53:55+08:00 ] 127.0.0.1 /foru/index.php/Home/Person/selectCity
INFO: [ app_init ] --START--
INFO: Run Behavior\BuildLiteBehavior [ RunTime:0.000031s ]
INFO: [ app_init ] --END-- [ RunTime:0.000459s ]

[ 2015-09-29T15:53:55+08:00 ] 127.0.0.1 /foru/index.php/Home/Person/selectCampus
INFO: [ app_init ] --START--
INFO: Run Behavior\BuildLiteBehavior [ RunTime:0.000025s ]
INFO: [ app_init ] --END-- [ RunTime:0.000417s ]

[ 2015-09-29T15:53:57+08:00 ] 127.0.0.1 /foru/index.php/Home/Person/getPhoneRank
INFO: [ app_init ] --START--
INFO: Run Behavior\BuildLiteBehavior [ RunTime:0.000028s ]
INFO: [ app_init ] --END-- [ RunTime:0.000468s ]

[ 2015-09-29T15:53:57+08:00 ] 127.0.0.1 /foru/index.php/Home/Person/selectCity
INFO: [ app_init ] --START--
INFO: Run Behavior\BuildLiteBehavior [ RunTime:0.000029s ]
INFO: [ app_init ] --END-- [ RunTime:0.000451s ]

[ 2015-09-29T15:53:57+08:00 ] 127.0.0.1 /foru/index.php/Home/Person/selectCampus
INFO: [ app_init ] --START--
INFO: Run Behavior\BuildLiteBehavior [ RunTime:0.000038s ]
INFO: [ app_init ] --END-- [ RunTime:0.000683s ]

[ 2015-09-29T15:54:00+08:00 ] 127.0.0.1 /foru/index.php/Home/Person/addOrReviseSave/campusId/1.html
INFO: [ app_init ] --START--
INFO: Run Behavior\BuildLiteBehavior [ RunTime:0.000022s ]
INFO: [ app_init ] --END-- [ RunTime:0.000413s ]

[ 2015-09-29T15:54:00+08:00 ] 127.0.0.1 /foru/index.php/Home/Person/locaManage.html
INFO: [ app_init ] --START--
INFO: Run Behavior\BuildLiteBehavior [ RunTime:0.000022s ]
INFO: [ app_init ] --END-- [ RunTime:0.000396s ]

[ 2015-09-29T15:54:23+08:00 ] 127.0.0.1 /foru/index.php/Home/Person/addOrReviseSave.html
INFO: [ app_init ] --START--
INFO: Run Behavior\BuildLiteBehavior [ RunTime:0.000033s ]
INFO: [ app_init ] --END-- [ RunTime:0.000428s ]
ERR: SQLSTATE[23000]: Integrity constraint violation: 1048 Column 'campus_id' cannot be null

[ 2015-09-29T15:54:28+08:00 ] 127.0.0.1 /foru/index.php/Home/Person/resetpword.html
INFO: [ app_init ] --START--
INFO: Run Behavior\BuildLiteBehavior [ RunTime:0.000026s ]
INFO: [ app_init ] --END-- [ RunTime:0.000501s ]

[ 2015-09-29T15:54:28+08:00 ] 127.0.0.1 /foru/index.php/Home/Person/verify/id/'+Math.random()
INFO: [ app_init ] --START--
INFO: Run Behavior\BuildLiteBehavior [ RunTime:0.000027s ]
INFO: [ app_init ] --END-- [ RunTime:0.000484s ]

[ 2015-09-29T15:54:43+08:00 ] 127.0.0.1 /foru/index.php/Home/Person/locaManage/campusId/1.html
INFO: [ app_init ] --START--
INFO: Run Behavior\BuildLiteBehavior [ RunTime:0.000022s ]
INFO: [ app_init ] --END-- [ RunTime:0.000402s ]

[ 2015-09-29T15:54:43+08:00 ] 127.0.0.1 /foru/index.php/Home/Person/selectCity
INFO: [ app_init ] --START--
INFO: Run Behavior\BuildLiteBehavior [ RunTime:0.000026s ]
INFO: [ app_init ] --END-- [ RunTime:0.000433s ]

[ 2015-09-29T15:54:43+08:00 ] 127.0.0.1 /foru/index.php/Home/Person/selectCampus
INFO: [ app_init ] --START--
INFO: Run Behavior\BuildLiteBehavior [ RunTime:0.000027s ]
INFO: [ app_init ] --END-- [ RunTime:0.000425s ]

[ 2015-09-29T15:54:51+08:00 ] 127.0.0.1 /foru/index.php/Home/Person/getPhoneRank
INFO: [ app_init ] --START--
INFO: Run Behavior\BuildLiteBehavior [ RunTime:0.000023s ]
INFO: [ app_init ] --END-- [ RunTime:0.000371s ]

[ 2015-09-29T15:54:51+08:00 ] 127.0.0.1 /foru/index.php/Home/Person/selectCity
INFO: [ app_init ] --START--
INFO: Run Behavior\BuildLiteBehavior [ RunTime:0.000060s ]
INFO: [ app_init ] --END-- [ RunTime:0.000845s ]

[ 2015-09-29T15:54:52+08:00 ] 127.0.0.1 /foru/index.php/Home/Person/selectCampus
INFO: [ app_init ] --START--
INFO: Run Behavior\BuildLiteBehavior [ RunTime:0.000041s ]
INFO: [ app_init ] --END-- [ RunTime:0.000653s ]

[ 2015-09-29T15:55:40+08:00 ] 127.0.0.1 /foru/index.php/Home/Person/orderManage/campusId/1/status/0.html
INFO: [ app_init ] --START--
INFO: Run Behavior\BuildLiteBehavior [ RunTime:0.000029s ]
INFO: [ app_init ] --END-- [ RunTime:0.000693s ]

[ 2015-09-29T15:55:48+08:00 ] 127.0.0.1 /foru/index.php/Home/Person/orderManage/campusId/1/status/1.html
INFO: [ app_init ] --START--
INFO: Run Behavior\BuildLiteBehavior [ RunTime:0.000022s ]
INFO: [ app_init ] --END-- [ RunTime:0.000436s ]

[ 2015-09-29T15:55:49+08:00 ] 127.0.0.1 /foru/index.php/Home/Person/orderManage/campusId/1/status/2.html
INFO: [ app_init ] --START--
INFO: Run Behavior\BuildLiteBehavior [ RunTime:0.000024s ]
INFO: [ app_init ] --END-- [ RunTime:0.000511s ]

[ 2015-09-29T15:55:50+08:00 ] 127.0.0.1 /foru/index.php/Home/Person/orderManage/campusId/1/status/3.html
INFO: [ app_init ] --START--
INFO: Run Behavior\BuildLiteBehavior [ RunTime:0.000023s ]
INFO: [ app_init ] --END-- [ RunTime:0.000410s ]

[ 2015-09-29T15:55:51+08:00 ] 127.0.0.1 /foru/index.php/Home/Person/orderManage/campusId/1/status/4.html
INFO: [ app_init ] --START--
INFO: Run Behavior\BuildLiteBehavior [ RunTime:0.000023s ]
INFO: [ app_init ] --END-- [ RunTime:0.000423s ]

[ 2015-09-29T15:55:52+08:00 ] 127.0.0.1 /foru/index.php/Home/Person/orderManage/campusId/1/status/5.html
INFO: [ app_init ] --START--
INFO: Run Behavior\BuildLiteBehavior [ RunTime:0.000024s ]
INFO: [ app_init ] --END-- [ RunTime:0.000417s ]

[ 2015-09-29T15:55:53+08:00 ] 127.0.0.1 /foru/index.php/Home/Person/orderManage/campusId/1/status/0.html
INFO: [ app_init ] --START--
INFO: Run Behavior\BuildLiteBehavior [ RunTime:0.000022s ]
INFO: [ app_init ] --END-- [ RunTime:0.000448s ]

[ 2015-09-29T15:57:59+08:00 ] 127.0.0.1 /foru/index.php/Home/Index/index/campusId/1.html
INFO: [ app_init ] --START--
INFO: Run Behavior\BuildLiteBehavior [ RunTime:0.000025s ]
INFO: [ app_init ] --END-- [ RunTime:0.000479s ]

[ 2015-09-29T15:58:07+08:00 ] 127.0.0.1 /foru/index.php/Home/Person/personhomepage/campusId/1.html
INFO: [ app_init ] --START--
INFO: Run Behavior\BuildLiteBehavior [ RunTime:0.000029s ]
INFO: [ app_init ] --END-- [ RunTime:0.000544s ]

[ 2015-09-29T15:58:09+08:00 ] 127.0.0.1 /foru/index.php/Home/Person/orderManage/campusId/1/status/0.html
INFO: [ app_init ] --START--
INFO: Run Behavior\BuildLiteBehavior [ RunTime:0.000037s ]
INFO: [ app_init ] --END-- [ RunTime:0.000436s ]

[ 2015-09-29T15:58:11+08:00 ] 127.0.0.1 /foru/index.php/Home/Person/personInfo/campusId/1.html
INFO: [ app_init ] --START--
INFO: Run Behavior\BuildLiteBehavior [ RunTime:0.000029s ]
INFO: [ app_init ] --END-- [ RunTime:0.000504s ]

[ 2015-09-29T15:58:16+08:00 ] 127.0.0.1 /foru/index.php/Home/Index.html
INFO: [ app_init ] --START--
INFO: Run Behavior\BuildLiteBehavior [ RunTime:0.000023s ]
INFO: [ app_init ] --END-- [ RunTime:0.000411s ]

[ 2015-09-29T15:58:18+08:00 ] 127.0.0.1 /foru/index.php/Home/Index/goodsInfo/goodId/10502/campusId/1.html
INFO: [ app_init ] --START--
INFO: Run Behavior\BuildLiteBehavior [ RunTime:0.000025s ]
INFO: [ app_init ] --END-- [ RunTime:0.000424s ]

[ 2015-09-29T15:58:20+08:00 ] 127.0.0.1 /foru/index.php/Home/Index/getSessionPhone
INFO: [ app_init ] --START--
INFO: Run Behavior\BuildLiteBehavior [ RunTime:0.000023s ]
INFO: [ app_init ] --END-- [ RunTime:0.000428s ]

[ 2015-09-29T15:58:21+08:00 ] 127.0.0.1 /foru/index.php/Home/Index/addToShoppingCar
INFO: [ app_init ] --START--
INFO: Run Behavior\BuildLiteBehavior [ RunTime:0.000028s ]
INFO: [ app_init ] --END-- [ RunTime:0.000439s ]

[ 2015-09-29T15:58:30+08:00 ] 127.0.0.1 /foru/index.php/Home/ShoppingCart/shoppingcart/campusId/1.html
INFO: [ app_init ] --START--
INFO: Run Behavior\BuildLiteBehavior [ RunTime:0.000026s ]
INFO: [ app_init ] --END-- [ RunTime:0.000423s ]

[ 2015-09-29T15:58:36+08:00 ] 127.0.0.1 /foru/index.php/Home/Person/goodsPayment?orderIds=1443513500,1439790242&campusId=1
INFO: [ app_init ] --START--
INFO: Run Behavior\BuildLiteBehavior [ RunTime:0.000022s ]
INFO: [ app_init ] --END-- [ RunTime:0.000414s ]

[ 2015-09-29T15:58:36+08:00 ] 127.0.0.1 /foru/index.php/Home/Person/selectCity.html
INFO: [ app_init ] --START--
INFO: Run Behavior\BuildLiteBehavior [ RunTime:0.000026s ]
INFO: [ app_init ] --END-- [ RunTime:0.000448s ]

[ 2015-09-29T15:58:36+08:00 ] 127.0.0.1 /foru/index.php/Home/Person/selectCampus.html
INFO: [ app_init ] --START--
INFO: Run Behavior\BuildLiteBehavior [ RunTime:0.000025s ]
INFO: [ app_init ] --END-- [ RunTime:0.000412s ]

