[ 2016-03-21T14:48:29+08:00 ] ::1 /foru/
INFO: [ app_init ] --START--
INFO: Run Behavior\BuildLiteBehavior [ RunTime:0.000029s ]
INFO: [ app_init ] --END-- [ RunTime:0.006964s ]
ERR: SQLSTATE[42000] [1049] Unknown database 'foru'

[ 2016-03-21T14:49:26+08:00 ] ::1 /foru/
INFO: [ app_init ] --START--
INFO: Run Behavior\BuildLiteBehavior [ RunTime:0.000025s ]
INFO: [ app_init ] --END-- [ RunTime:0.000492s ]

[ 2016-03-21T14:49:36+08:00 ] ::1 /foru/
INFO: [ app_init ] --START--
INFO: Run Behavior\BuildLiteBehavior [ RunTime:0.000030s ]
INFO: [ app_init ] --END-- [ RunTime:0.000686s ]

[ 2016-03-21T14:49:45+08:00 ] ::1 /foru/index.php/Home/Login/index.html
INFO: [ app_init ] --START--
INFO: Run Behavior\BuildLiteBehavior [ RunTime:0.000023s ]
INFO: [ app_init ] --END-- [ RunTime:0.000489s ]

[ 2016-03-21T14:49:46+08:00 ] ::1 /foru/index.php/Home/Login/verify/id/'+Math.random()
INFO: [ app_init ] --START--
INFO: Run Behavior\BuildLiteBehavior [ RunTime:0.000025s ]
INFO: [ app_init ] --END-- [ RunTime:0.000382s ]

[ 2016-03-21T14:49:50+08:00 ] ::1 /foru/index.php/Home/Login/toLogin.html
INFO: [ app_init ] --START--
INFO: Run Behavior\BuildLiteBehavior [ RunTime:0.000040s ]
INFO: [ app_init ] --END-- [ RunTime:0.000658s ]

[ 2016-03-21T14:50:06+08:00 ] ::1 /foru/index.php/Home/Login/toLogin.html
INFO: [ app_init ] --START--
INFO: Run Behavior\BuildLiteBehavior [ RunTime:0.000027s ]
INFO: [ app_init ] --END-- [ RunTime:0.000472s ]

[ 2016-03-21T14:51:04+08:00 ] ::1 /foru/index.php/Home/Login/verify/id/0.42656440055532596
INFO: [ app_init ] --START--
INFO: Run Behavior\BuildLiteBehavior [ RunTime:0.000023s ]
INFO: [ app_init ] --END-- [ RunTime:0.000392s ]

[ 2016-03-21T14:51:04+08:00 ] ::1 /foru/index.php/Home/Login/verify/id/0.9917108946430029
INFO: [ app_init ] --START--
INFO: Run Behavior\BuildLiteBehavior [ RunTime:0.000038s ]
INFO: [ app_init ] --END-- [ RunTime:0.000502s ]

[ 2016-03-21T14:51:16+08:00 ] ::1 /foru/index.php/Home/Login/toLogin.html
INFO: [ app_init ] --START--
INFO: Run Behavior\BuildLiteBehavior [ RunTime:0.000023s ]
INFO: [ app_init ] --END-- [ RunTime:0.000400s ]

[ 2016-03-21T14:55:27+08:00 ] ::1 /foru/index.php/Home/Login/toLogin.html
INFO: [ app_init ] --START--
INFO: Run Behavior\BuildLiteBehavior [ RunTime:0.000038s ]
INFO: [ app_init ] --END-- [ RunTime:0.000628s ]

[ 2016-03-21T14:55:29+08:00 ] ::1 /foru/index.php/Home/Login/verify/id/0.01029848875489281
INFO: [ app_init ] --START--
INFO: Run Behavior\BuildLiteBehavior [ RunTime:0.000027s ]
INFO: [ app_init ] --END-- [ RunTime:0.000574s ]

[ 2016-03-21T14:55:37+08:00 ] ::1 /foru/index.php/Home/Login/toLogin.html
INFO: [ app_init ] --START--
INFO: Run Behavior\BuildLiteBehavior [ RunTime:0.000027s ]
INFO: [ app_init ] --END-- [ RunTime:0.000536s ]

[ 2016-03-21T14:55:45+08:00 ] ::1 /foru/index.php/Home/Login/verify/id/0.08329048754535895
INFO: [ app_init ] --START--
INFO: Run Behavior\BuildLiteBehavior [ RunTime:0.000052s ]
INFO: [ app_init ] --END-- [ RunTime:0.000814s ]

[ 2016-03-21T14:56:00+08:00 ] ::1 /foru/index.php/Home/Login/toLogin.html
INFO: [ app_init ] --START--
INFO: Run Behavior\BuildLiteBehavior [ RunTime:0.000030s ]
INFO: [ app_init ] --END-- [ RunTime:0.000607s ]

[ 2016-03-21T15:01:44+08:00 ] ::1 /foru/index.php/Home/Login/verify/id/0.9938045038340216
INFO: [ app_init ] --START--
INFO: Run Behavior\BuildLiteBehavior [ RunTime:0.000023s ]
INFO: [ app_init ] --END-- [ RunTime:0.000524s ]

[ 2016-03-21T15:01:50+08:00 ] ::1 /foru/index.php/Home/Login/toLogin.html
INFO: [ app_init ] --START--
INFO: Run Behavior\BuildLiteBehavior [ RunTime:0.000027s ]
INFO: [ app_init ] --END-- [ RunTime:0.000542s ]

[ 2016-03-21T15:01:55+08:00 ] ::1 /foru/index.php/Home/Index/index.html
INFO: [ app_init ] --START--
INFO: Run Behavior\BuildLiteBehavior [ RunTime:0.000026s ]
INFO: [ app_init ] --END-- [ RunTime:0.000404s ]

[ 2016-03-21T15:12:41+08:00 ] ::1 /foru/index.php/Home/Index/goodslist/categoryId/105/campusId/1.html
INFO: [ app_init ] --START--
INFO: Run Behavior\BuildLiteBehavior [ RunTime:0.000025s ]
INFO: [ app_init ] --END-- [ RunTime:0.000585s ]

[ 2016-03-21T15:28:26+08:00 ] ::1 /foru/
INFO: [ app_init ] --START--
INFO: Run Behavior\BuildLiteBehavior [ RunTime:0.000024s ]
INFO: [ app_init ] --END-- [ RunTime:0.000444s ]

[ 2016-03-21T15:28:34+08:00 ] ::1 /foru/index.php/Home/Index/logout.html
INFO: [ app_init ] --START--
INFO: Run Behavior\BuildLiteBehavior [ RunTime:0.000039s ]
INFO: [ app_init ] --END-- [ RunTime:0.000643s ]

[ 2016-03-21T15:28:35+08:00 ] ::1 /foru/index.php/Home/Index/index.html
INFO: [ app_init ] --START--
INFO: Run Behavior\BuildLiteBehavior [ RunTime:0.000039s ]
INFO: [ app_init ] --END-- [ RunTime:0.000610s ]

[ 2016-03-21T15:28:37+08:00 ] ::1 /foru/index.php/Home/Login/index.html
INFO: [ app_init ] --START--
INFO: Run Behavior\BuildLiteBehavior [ RunTime:0.000025s ]
INFO: [ app_init ] --END-- [ RunTime:0.000451s ]

[ 2016-03-21T15:28:37+08:00 ] ::1 /foru/index.php/Home/Login/verify/id/'+Math.random()
INFO: [ app_init ] --START--
INFO: Run Behavior\BuildLiteBehavior [ RunTime:0.000026s ]
INFO: [ app_init ] --END-- [ RunTime:0.000436s ]

[ 2016-03-21T15:28:43+08:00 ] ::1 /foru/index.php/Home/Login/toLogin.html
INFO: [ app_init ] --START--
INFO: Run Behavior\BuildLiteBehavior [ RunTime:0.000027s ]
INFO: [ app_init ] --END-- [ RunTime:0.000584s ]

[ 2016-03-21T15:28:46+08:00 ] ::1 /foru/index.php/Home/Login/verify/id/0.5851153916301431
INFO: [ app_init ] --START--
INFO: Run Behavior\BuildLiteBehavior [ RunTime:0.000025s ]
INFO: [ app_init ] --END-- [ RunTime:0.000430s ]

[ 2016-03-21T15:28:52+08:00 ] ::1 /foru/index.php/Home/Login/toLogin.html
INFO: [ app_init ] --START--
INFO: Run Behavior\BuildLiteBehavior [ RunTime:0.000026s ]
INFO: [ app_init ] --END-- [ RunTime:0.000510s ]

[ 2016-03-21T15:28:58+08:00 ] ::1 /foru/index.php/Home/Login/verify/id/0.6562457013438318
INFO: [ app_init ] --START--
INFO: Run Behavior\BuildLiteBehavior [ RunTime:0.000025s ]
INFO: [ app_init ] --END-- [ RunTime:0.000476s ]

[ 2016-03-21T15:29:06+08:00 ] ::1 /foru/index.php/Home/Login/toLogin.html
INFO: [ app_init ] --START--
INFO: Run Behavior\BuildLiteBehavior [ RunTime:0.000043s ]
INFO: [ app_init ] --END-- [ RunTime:0.000834s ]

[ 2016-03-21T15:29:10+08:00 ] ::1 /foru/index.php/Home/Index/index.html
INFO: [ app_init ] --START--
INFO: Run Behavior\BuildLiteBehavior [ RunTime:0.000034s ]
INFO: [ app_init ] --END-- [ RunTime:0.000561s ]

[ 2016-03-21T15:35:56+08:00 ] ::1 /foru/index.php/Home/Index/goodsInfo/goodId/10501/campusId/1.html
INFO: [ app_init ] --START--
INFO: Run Behavior\BuildLiteBehavior [ RunTime:0.000025s ]
INFO: [ app_init ] --END-- [ RunTime:0.000499s ]

[ 2016-03-21T15:36:23+08:00 ] ::1 /foru/index.php/Home/index/goodslist/categoryId/401/campusId/1.html
INFO: [ app_init ] --START--
INFO: Run Behavior\BuildLiteBehavior [ RunTime:0.000028s ]
INFO: [ app_init ] --END-- [ RunTime:0.000732s ]

[ 2016-03-21T15:52:32+08:00 ] ::1 /foru/index.php/Home/index/goodslist/categoryId/401/campusId/1.html
INFO: [ app_init ] --START--
INFO: Run Behavior\BuildLiteBehavior [ RunTime:0.000044s ]
INFO: [ app_init ] --END-- [ RunTime:0.000903s ]

[ 2016-03-21T16:07:31+08:00 ] ::1 /foru/index.php/Home/Index/goodslist/categoryId/105/campusId/1.html
INFO: [ app_init ] --START--
INFO: Run Behavior\BuildLiteBehavior [ RunTime:0.000026s ]
INFO: [ app_init ] --END-- [ RunTime:0.000487s ]

[ 2016-03-21T16:07:35+08:00 ] ::1 /foru/index.php/Home/Index/goodslist/categoryId/106/campusId/1.html
INFO: [ app_init ] --START--
INFO: Run Behavior\BuildLiteBehavior [ RunTime:0.000022s ]
INFO: [ app_init ] --END-- [ RunTime:0.000508s ]

[ 2016-03-21T16:09:16+08:00 ] ::1 /foru/index.php/Home/Index/logout.html
INFO: [ app_init ] --START--
INFO: Run Behavior\BuildLiteBehavior [ RunTime:0.000024s ]
INFO: [ app_init ] --END-- [ RunTime:0.000413s ]

[ 2016-03-21T16:09:50+08:00 ] ::1 /foru/index.php/Home/Index/index.html
INFO: [ app_init ] --START--
INFO: Run Behavior\BuildLiteBehavior [ RunTime:0.000024s ]
INFO: [ app_init ] --END-- [ RunTime:0.000593s ]

